# TagTracker datafile (data file) created on 2023-06-03 20:22
Valet date: 2023-06-03
Valet opens: 10:00
Valet closes: 22:00
Bikes checked in / tags out:
be1,10:01
wa0,10:01
wa1,10:01
wa2,10:01
be0,10:01
be2,10:01
be3,10:02
wa4,10:00
wa5,10:07
wa7,10:11
wa8,10:22
wa9,10:30
wa10,10:30
wa11,10:37
wa12,10:37
wa13,10:39
wa15,10:43
wb0,10:43
be4,10:52
be5,10:56
wb2,10:59
wb1,11:01
wb3,11:02
be6,11:03
be7,11:04
wb4,11:09
be8,11:10
wb5,11:11
be9,13:43
bf0,11:24
wb7,11:25
wb6,11:29
wb8,11:30
wb9,11:31
wb10,11:36
bf1,11:40
wb11,11:43
bf2,11:44
wb12,11:45
bf3,11:46
wb13,11:46
wb15,11:48
wb14,11:48
wc0,11:49
wc2,11:49
wc1,11:50
wc4,11:51
wc5,11:53
bf4,11:53
wc6,11:56
bf5,11:57
wc7,11:59
wc8,11:59
bf6,12:02
bf7,12:03
wa14,12:04
wc9,12:06
bf8,12:11
wc10,12:15
wc11,12:16
wc12,12:18
wc13,12:18
wd0,12:22
wc15,12:23
wd1,12:28
wd2,12:31
wd3,12:33
wd4,12:39
wd6,12:48
bf9,12:55
wd7,12:59
wd8,13:00
wd9,13:01
bg1,13:09
bg2,13:10
wd10,13:14
wd11,13:14
bg3,13:15
wd14,13:19
wd13,13:19
bg4,13:23
bg6,13:25
wd15,13:25
we0,13:25
we1,13:27
we3,13:33
bg5,13:34
we4,13:37
bg7,13:37
we5,13:38
we6,13:38
we2,13:39
bg8,13:40
we7,13:41
we10,13:52
we11,13:53
we12,13:53
we13,13:57
we14,13:58
we15,13:58
bg9,14:00
oa0,14:01
oa1,14:02
bh0,14:03
bh1,14:04
oa2,14:18
bh2,14:19
wd5,14:19
wa3,14:20
oa3,14:21
oa4,14:26
bh3,14:26
bh4,14:29
oa5,14:38
bh5,14:39
bh6,14:40
oa6,14:43
oa7,14:43
oa8,14:47
oa10,14:53
oa11,14:53
bh7,14:55
bh8,14:55
oa12,14:56
oa13,14:58
oa14,14:59
bh9,15:02
oa9,15:05
oa15,15:05
bi0,15:06
ob0,15:07
ob1,15:10
bi1,15:11
ob2,15:19
ob3,15:21
ob4,15:21
bo5,15:24
bo6,15:24
ob7,15:29
ob8,15:29
ob9,15:31
ob10,15:32
ob13,15:32
ob11,15:33
bi3,15:37
bi4,15:38
bi5,15:44
ob12,15:47
ob14,15:47
ob15,15:50
oc0,15:51
wd12,15:57
oc1,15:59
oc2,16:07
oc3,16:09
oc4,16:15
bi6,16:19
oc5,16:20
oc6,16:22
oc8,16:24
oc7,16:25
bi7,16:27
oc10,16:32
oc9,16:32
bi8,16:32
bi9,16:32
oc11,16:37
oc12,16:42
ob6,15:00
ob5,15:00
we8,14:00
we9,14:00
bj0,16:51
bj1,16:53
oc13,16:54
oc14,16:57
bj2,17:00
oc15,17:06
od1,17:06
bj3,17:08
od0,17:08
bj4,17:09
od2,17:15
bj5,17:15
od3,17:20
od4,17:21
od5,17:22
od6,17:24
bj6,17:35
bj7,17:39
od7,17:51
od8,17:55
od9,17:59
bc4,18:07
od10,18:21
od11,18:21
bj8,18:22
od14,18:24
od15,18:25
bk0,18:25
bk1,18:35
od13,18:57
oe0,19:00
oe1,19:09
oe2,19:39
oe3,20:01
oe4,20:01
oe6,20:09
oe5,20:09
Bikes checked out / tags in:
wa4,10:35
be2,10:59
be1,10:59
wa5,11:03
wb2,11:18
wb1,11:19
wa8,11:26
wa11,11:37
wa12,11:37
be6,11:37
wb5,11:41
wb4,11:42
wa10,11:51
wb10,12:00
wa13,12:03
be0,12:15
bf1,12:25
wa9,12:34
wc11,12:49
be4,12:52
wb9,12:57
bf8,13:05
wc7,13:07
wc8,13:08
wa0,13:11
wa1,13:12
wd10,13:18
wb7,13:23
wd3,13:26
wc5,13:26
bf4,13:26
wd1,13:36
wc2,13:38
wb12,13:41
wb13,13:41
be9,14:02
wc9,13:49
wd6,13:50
bf3,13:57
bf0,14:01
wc4,14:05
wc1,14:05
wd0,14:13
we3,14:21
wd7,14:22
bg3,14:25
we15,14:28
we14,14:28
wb6,14:30
oa2,14:34
wc10,14:36
wc0,15:04
wb15,15:04
bg7,15:04
wb8,15:04
bh1,15:04
wa7,15:04
wd2,15:04
wb3,15:04
bh0,15:06
oa8,15:08
oa1,15:09
be7,15:09
bf6,15:16
bh4,15:16
we2,15:18
wd11,15:19
bg2,15:20
wc15,15:21
bh2,15:22
wb11,15:24
bf2,15:27
bg6,15:27
bg1,15:27
bf7,15:27
oa4,15:27
bh3,15:27
oa12,15:27
be8,15:28
we5,15:32
wc12,15:33
we13,15:34
oa9,15:35
we6,15:35
ob0,15:37
wd15,15:40
we0,15:45
bh6,15:45
wb0,15:45
wa15,15:45
bi3,15:54
oa10,15:55
bg5,15:57
oa0,15:57
oa11,15:57
we4,15:58
ob1,15:59
we7,16:08
oa15,16:09
bg8,16:09
bi0,16:09
we10,16:12
bh8,16:19
bh7,16:19
bi1,16:22
bf5,16:27
wc6,16:27
we1,16:29
wb14,16:30
be3,16:38
bf9,16:39
ob6,16:44
ob5,16:45
we8,16:48
we9,16:48
wc13,16:48
oc1,16:51
oc7,16:54
ob2,16:55
wd14,16:59
wd13,16:59
ob13,17:04
ob11,17:04
ob4,17:05
ob3,17:05
wd8,17:07
bi4,17:09
bh5,17:16
ob14,17:20
bj4,17:21
oa3,17:21
oc6,17:38
bj7,17:45
oa14,17:50
oa13,17:51
we11,17:58
we12,17:58
bj5,18:02
bi5,18:05
oc4,18:06
wa2,18:10
oc0,18:12
ob15,18:12
oc11,18:13
bi7,18:14
oc8,18:16
wd4,18:17
oc15,18:27
ob10,18:28
ob9,18:29
ob7,18:31
ob8,18:31
oc9,18:36
oc10,18:36
od5,18:39
od4,18:39
oc2,18:46
oa5,18:53
oa6,18:53
oa7,18:53
oc14,19:00
od8,19:09
oc12,19:18
od10,19:19
od11,19:19
oc3,19:20
od7,19:21
od2,19:25
bj0,19:25
bi9,19:28
bi8,19:28
bh9,19:39
od6,19:42
od3,19:43
bj6,19:45
bg4,19:48
bj8,19:50
bj3,20:02
od0,20:02
oe3,20:05
oe4,20:05
oe1,20:06
od13,20:06
bj2,20:22
# Following sections are context for the check-ins/outs
Regular-bike tags:
oa0
oa1
oa10
oa11
oa12
oa13
oa14
oa15
oa2
oa3
oa4
oa5
oa6
oa7
oa8
oa9
ob0
ob1
ob10
ob11
ob12
ob13
ob14
ob15
ob2
ob3
ob4
ob5
ob6
ob7
ob8
ob9
oc0
oc1
oc10
oc11
oc12
oc13
oc14
oc15
oc2
oc3
oc4
oc5
oc6
oc7
oc8
oc9
od0
od1
od10
od11
od12
od13
od14
od15
od2
od3
od4
od5
od6
od7
od8
od9
oe0
oe1
oe10
oe11
oe12
oe13
oe14
oe15
oe2
oe3
oe4
oe5
oe6
oe7
oe8
wa0
wa1
wa10
wa11
wa12
wa13
wa14
wa15
wa2
wa3
wa4
wa5
wa6
wa7
wa8
wa9
wb0
wb1
wb10
wb11
wb12
wb13
wb14
wb15
wb2
wb3
wb4
wb5
wb6
wb7
wb8
wb9
wc0
wc1
wc10
wc11
wc12
wc13
wc14
wc15
wc2
wc3
wc4
wc5
wc6
wc7
wc8
wc9
wd0
wd1
wd10
wd11
wd12
wd13
wd14
wd15
wd2
wd3
wd4
wd5
wd6
wd7
wd8
wd9
we0
we1
we10
we11
we12
we13
we14
we15
we2
we3
we4
we5
we6
we7
we8
we9
Oversize-bike tags:
bc1
bc2
bc3
bc4
bc5
bc7
bc8
be0
be1
be2
be3
be4
be5
be6
be7
be8
be9
bf0
bf1
bf2
bf3
bf4
bf5
bf6
bf7
bf8
bf9
bg0
bg1
bg2
bg3
bg4
bg5
bg6
bg7
bg8
bg9
bh0
bh1
bh2
bh3
bh4
bh5
bh6
bh7
bh8
bh9
bi0
bi1
bi2
bi3
bi4
bi5
bi6
bi7
bi8
bi9
bj0
bj1
bj2
bj3
bj4
bj5
bj6
bj7
bj8
bj9
bk0
bk1
bk2
bk3
bk4
bk5
bk6
bk7
bk8
bk9
bl0
bl1
bl2
bl3
bl4
bl5
bl6
bl7
bl8
bl9
bm0
bm1
bm2
bm3
bm4
bm5
bm6
bm7
bm8
bm9
bn0
bn1
bn2
bn3
bn4
bn5
bn6
bn7
bn8
bn9
bo0
bo1
bo2
bo3
bo4
bo5
bo6
bo7
bo8
bo9
pa0
pa1
pa10
pa11
pa12
pa13
pa14
pa15
pa2
pa3
pa4
pa5
pa6
pa7
pa8
pa9
pb0
pb1
pb10
pb11
pb12
pb13
pb14
pb15
pb2
pb3
pb4
pb5
pb6
pb7
pb8
pb9
pc0
pc1
pc10
pc11
pc12
pc13
pc14
pc15
pc2
pc3
pc4
pc5
pc6
pc7
pc8
pc9
pd0
pd1
pd10
pd11
pd12
pd13
pd14
pd15
pd2
pd3
pd4
pd5
pd6
pd7
pd8
pd9
pe0
pe1
pe10
pe11
pe12
pe13
pe14
pe15
pe2
pe3
pe4
pe5
pe6
pe7
pe8
pe9
Retired tags:
bb9
bc5
bd6
bg0
bi2
oe9
ph13
wa6
wc3
Colour codes:
b,black
w,white
p,purple
o,orange
# Normal end of file
